# JRE version: Java(TM) SE Runtime Environment (8.0_261-b12) (build 1.8.0_261-b12)
# Java VM: Java HotSpot(TM) 64-Bit Server VM (25.261-b12 mixed mode windows-amd64 compressed oops)
Heap:
 PSYoungGen      total 328192K, used 310643K [0x00000000eab00000, 0x0000000100000000, 0x0000000100000000)
  eden space 306688K, 100% used [0x00000000eab00000,0x00000000fd680000,0x00000000fd680000)
  from space 21504K, 18% used [0x00000000feb00000,0x00000000feedcca0,0x0000000100000000)
  to   space 20992K, 77% used [0x00000000fd680000,0x00000000fe67b9b0,0x00000000feb00000)
 ParOldGen       total 699392K, used 579669K [0x00000000c0000000, 0x00000000eab00000, 0x00000000eab00000)
  object space 699392K, 82% used [0x00000000c0000000,0x00000000e36155c8,0x00000000eab00000)
 Metaspace       used 172412K, capacity 196949K, committed 197144K, reserved 1220608K
  class space    used 24199K, capacity 25846K, committed 25880K, reserved 1048576K
GC Heap History (10 events):
Event: 1004.250 GC heap after
Heap after GC invocations=876 (full 10):
 PSYoungGen      total 324608K, used 15232K [0x00000000eab00000, 0x0000000100000000, 0x0000000100000000)
  eden space 302080K, 0% used [0x00000000eab00000,0x00000000eab00000,0x00000000fd200000)
  from space 22528K, 67% used [0x00000000fea00000,0x00000000ff8e03a0,0x0000000100000000)
  to   space 23552K, 0% used [0x00000000fd200000,0x00000000fd200000,0x00000000fe900000)
 ParOldGen       total 699392K, used 579389K [0x00000000c0000000, 0x00000000eab00000, 0x00000000eab00000)
  object space 699392K, 82% used [0x00000000c0000000,0x00000000e35cf5c8,0x00000000eab00000)
 Metaspace       used 172412K, capacity 196949K, committed 197144K, reserved 1220608K
  class space    used 24199K, capacity 25846K, committed 25880K, reserved 1048576K
}
Event: 1005.612 GC heap before
{Heap before GC invocations=877 (full 10):
 PSYoungGen      total 324608K, used 317312K [0x00000000eab00000, 0x0000000100000000, 0x0000000100000000)
  eden space 302080K, 100% used [0x00000000eab00000,0x00000000fd200000,0x00000000fd200000)
  from space 22528K, 67% used [0x00000000fea00000,0x00000000ff8e03a0,0x0000000100000000)
  to   space 23552K, 0% used [0x00000000fd200000,0x00000000fd200000,0x00000000fe900000)
 ParOldGen       total 699392K, used 579389K [0x00000000c0000000, 0x00000000eab00000, 0x00000000eab00000)
  object space 699392K, 82% used [0x00000000c0000000,0x00000000e35cf5c8,0x00000000eab00000)
 Metaspace       used 172412K, capacity 196949K, committed 197144K, reserved 1220608K
  class space    used 24199K, capacity 25846K, committed 25880K, reserved 1048576K
Event: 1005.617 GC heap after
Heap after GC invocations=877 (full 10):
 PSYoungGen      total 325632K, used 1089K [0x00000000eab00000, 0x0000000100000000, 0x0000000100000000)
  eden space 302080K, 0% used [0x00000000eab00000,0x00000000eab00000,0x00000000fd200000)
  from space 23552K, 4% used [0x00000000fd200000,0x00000000fd310520,0x00000000fe900000)
  to   space 23552K, 0% used [0x00000000fe900000,0x00000000fe900000,0x0000000100000000)
 ParOldGen       total 699392K, used 579453K [0x00000000c0000000, 0x00000000eab00000, 0x00000000eab00000)
  object space 699392K, 82% used [0x00000000c0000000,0x00000000e35df5c8,0x00000000eab00000)
 Metaspace       used 172412K, capacity 196949K, committed 197144K, reserved 1220608K
  class space    used 24199K, capacity 25846K, committed 25880K, reserved 1048576K
}
Event: 1006.780 GC heap before
{Heap before GC invocations=878 (full 10):
 PSYoungGen      total 325632K, used 303169K [0x00000000eab00000, 0x0000000100000000, 0x0000000100000000)
  eden space 302080K, 100% used [0x00000000eab00000,0x00000000fd200000,0x00000000fd200000)
  from space 23552K, 4% used [0x00000000fd200000,0x00000000fd310520,0x00000000fe900000)
  to   space 23552K, 0% used [0x00000000fe900000,0x00000000fe900000,0x0000000100000000)
 ParOldGen       total 699392K, used 579453K [0x00000000c0000000, 0x00000000eab00000, 0x00000000eab00000)
  object space 699392K, 82% used [0x00000000c0000000,0x00000000e35df5c8,0x00000000eab00000)
 Metaspace       used 172412K, capacity 196949K, committed 197144K, reserved 1220608K
  class space    used 24199K, capacity 25846K, committed 25880K, reserved 1048576K
Event: 1006.786 GC heap after
Heap after GC invocations=878 (full 10):
 PSYoungGen      total 326144K, used 4119K [0x00000000eab00000, 0x0000000100000000, 0x0000000100000000)
  eden space 302592K, 0% used [0x00000000eab00000,0x00000000eab00000,0x00000000fd280000)
  from space 23552K, 17% used [0x00000000fe900000,0x00000000fed05c90,0x0000000100000000)
  to   space 23040K, 0% used [0x00000000fd280000,0x00000000fd280000,0x00000000fe900000)
 ParOldGen       total 699392K, used 579509K [0x00000000c0000000, 0x00000000eab00000, 0x00000000eab00000)
  object space 699392K, 82% used [0x00000000c0000000,0x00000000e35ed5c8,0x00000000eab00000)
 Metaspace       used 172412K, capacity 196949K, committed 197144K, reserved 1220608K
  class space    used 24199K, capacity 25846K, committed 25880K, reserved 1048576K
}
Event: 1007.963 GC heap before
{Heap before GC invocations=879 (full 10):
 PSYoungGen      total 326144K, used 306711K [0x00000000eab00000, 0x0000000100000000, 0x0000000100000000)
  eden space 302592K, 100% used [0x00000000eab00000,0x00000000fd280000,0x00000000fd280000)
  from space 23552K, 17% used [0x00000000fe900000,0x00000000fed05c90,0x0000000100000000)
  to   space 23040K, 0% used [0x00000000fd280000,0x00000000fd280000,0x00000000fe900000)
 ParOldGen       total 699392K, used 579509K [0x00000000c0000000, 0x00000000eab00000, 0x00000000eab00000)
  object space 699392K, 82% used [0x00000000c0000000,0x00000000e35ed5c8,0x00000000eab00000)
 Metaspace       used 172412K, capacity 196949K, committed 197144K, reserved 1220608K
  class space    used 24199K, capacity 25846K, committed 25880K, reserved 1048576K
Event: 1007.972 GC heap after
Heap after GC invocations=879 (full 10):
 PSYoungGen      total 325632K, used 7258K [0x00000000eab00000, 0x0000000100000000, 0x0000000100000000)
  eden space 302592K, 0% used [0x00000000eab00000,0x00000000eab00000,0x00000000fd280000)
  from space 23040K, 31% used [0x00000000fd280000,0x00000000fd996970,0x00000000fe900000)
  to   space 21504K, 0% used [0x00000000feb00000,0x00000000feb00000,0x0000000100000000)
 ParOldGen       total 699392K, used 579573K [0x00000000c0000000, 0x00000000eab00000, 0x00000000eab00000)
  object space 699392K, 82% used [0x00000000c0000000,0x00000000e35fd5c8,0x00000000eab00000)
 Metaspace       used 172412K, capacity 196949K, committed 197144K, reserved 1220608K
  class space    used 24199K, capacity 25846K, committed 25880K, reserved 1048576K
}
Event: 1009.397 GC heap before
{Heap before GC invocations=880 (full 10):
 PSYoungGen      total 325632K, used 309850K [0x00000000eab00000, 0x0000000100000000, 0x0000000100000000)
  eden space 302592K, 100% used [0x00000000eab00000,0x00000000fd280000,0x00000000fd280000)
  from space 23040K, 31% used [0x00000000fd280000,0x00000000fd996970,0x00000000fe900000)
  to   space 21504K, 0% used [0x00000000feb00000,0x00000000feb00000,0x0000000100000000)
 ParOldGen       total 699392K, used 579573K [0x00000000c0000000, 0x00000000eab00000, 0x00000000eab00000)
  object space 699392K, 82% used [0x00000000c0000000,0x00000000e35fd5c8,0x00000000eab00000)
 Metaspace       used 172412K, capacity 196949K, committed 197144K, reserved 1220608K
  class space    used 24199K, capacity 25846K, committed 25880K, reserved 1048576K
Event: 1009.404 GC heap after
Heap after GC invocations=880 (full 10):
 PSYoungGen      total 328192K, used 3955K [0x00000000eab00000, 0x0000000100000000, 0x0000000100000000)
  eden space 306688K, 0% used [0x00000000eab00000,0x00000000eab00000,0x00000000fd680000)
  from space 21504K, 18% used [0x00000000feb00000,0x00000000feedcca0,0x0000000100000000)
  to   space 20992K, 0% used [0x00000000fd680000,0x00000000fd680000,0x00000000feb00000)
 ParOldGen       total 699392K, used 579621K [0x00000000c0000000, 0x00000000eab00000, 0x00000000eab00000)
  object space 699392K, 82% used [0x00000000c0000000,0x00000000e36095c8,0x00000000eab00000)
 Metaspace       used 172412K, capacity 196949K, committed 197144K, reserved 1220608K
  class space    used 24199K, capacity 25846K, committed 25880K, reserved 1048576K
}
Event: 1010.857 GC heap before
{Heap before GC invocations=881 (full 10):
 PSYoungGen      total 328192K, used 310643K [0x00000000eab00000, 0x0000000100000000, 0x0000000100000000)
  eden space 306688K, 100% used [0x00000000eab00000,0x00000000fd680000,0x00000000fd680000)
  from space 21504K, 18% used [0x00000000feb00000,0x00000000feedcca0,0x0000000100000000)
  to   space 20992K, 0% used [0x00000000fd680000,0x00000000fd680000,0x00000000feb00000)
 ParOldGen       total 699392K, used 579621K [0x00000000c0000000, 0x00000000eab00000, 0x00000000eab00000)
  object space 699392K, 82% used [0x00000000c0000000,0x00000000e36095c8,0x00000000eab00000)
 Metaspace       used 172412K, capacity 196949K, committed 197144K, reserved 1220608K
  class space    used 24199K, capacity 25846K, committed 25880K, reserved 1048576K

